{"/home/lucas-cardoso/Documents/mvp-sorria-leste-app/lib/db.ts": {"path":"/home/lucas-cardoso/Documents/mvp-sorria-leste-app/lib/db.ts","statementMap":{"0":{"start":{"line":118,"column":0},"end":{"line":118,"column":16}},"1":{"start":{"line":124,"column":0},"end":{"line":124,"column":16}},"2":{"start":{"line":140,"column":0},"end":{"line":140,"column":7}},"3":{"start":{"line":149,"column":0},"end":{"line":149,"column":7}},"4":{"start":{"line":157,"column":0},"end":{"line":157,"column":7}},"5":{"start":{"line":169,"column":0},"end":{"line":169,"column":7}},"6":{"start":{"line":179,"column":0},"end":{"line":179,"column":7}},"7":{"start":{"line":185,"column":0},"end":{"line":185,"column":16}},"8":{"start":{"line":189,"column":0},"end":{"line":189,"column":16}},"9":{"start":{"line":5,"column":0},"end":{"line":5,"column":62}},"10":{"start":{"line":119,"column":14},"end":{"line":119,"column":51}},"11":{"start":{"line":120,"column":2},"end":{"line":120,"column":20}},"12":{"start":{"line":125,"column":14},"end":{"line":125,"column":51}},"13":{"start":{"line":126,"column":2},"end":{"line":126,"column":27}},"14":{"start":{"line":141,"column":13},"end":{"line":141,"column":20}},"15":{"start":{"line":142,"column":15},"end":{"line":142,"column":30}},"16":{"start":{"line":143,"column":20},"end":{"line":143,"column":67}},"17":{"start":{"line":144,"column":17},"end":{"line":144,"column":41}},"18":{"start":{"line":145,"column":2},"end":{"line":145,"column":24}},"19":{"start":{"line":150,"column":13},"end":{"line":150,"column":20}},"20":{"start":{"line":151,"column":15},"end":{"line":151,"column":30}},"21":{"start":{"line":152,"column":20},"end":{"line":152,"column":67}},"22":{"start":{"line":153,"column":2},"end":{"line":153,"column":36}},"23":{"start":{"line":158,"column":13},"end":{"line":158,"column":20}},"24":{"start":{"line":159,"column":15},"end":{"line":159,"column":30}},"25":{"start":{"line":160,"column":20},"end":{"line":160,"column":67}},"26":{"start":{"line":161,"column":17},"end":{"line":161,"column":38}},"27":{"start":{"line":162,"column":2},"end":{"line":165,"column":4}},"28":{"start":{"line":170,"column":13},"end":{"line":170,"column":20}},"29":{"start":{"line":171,"column":29},"end":{"line":174,"column":4}},"30":{"start":{"line":172,"column":17},"end":{"line":172,"column":32}},"31":{"start":{"line":173,"column":4},"end":{"line":173,"column":69}},"32":{"start":{"line":175,"column":2},"end":{"line":175,"column":44}},"33":{"start":{"line":180,"column":13},"end":{"line":180,"column":20}},"34":{"start":{"line":181,"column":2},"end":{"line":181,"column":21}}},"fnMap":{"0":{"name":"getDb","decl":{"start":{"line":118,"column":16},"end":{"line":118,"column":21}},"loc":{"start":{"line":118,"column":21},"end":{"line":121,"column":1}}},"1":{"name":"getR2Bucket","decl":{"start":{"line":124,"column":16},"end":{"line":124,"column":27}},"loc":{"start":{"line":124,"column":27},"end":{"line":127,"column":1}}},"2":{"name":"query","decl":{"start":{"line":140,"column":22},"end":{"line":140,"column":27}},"loc":{"start":{"line":140,"column":76},"end":{"line":146,"column":1}}},"3":{"name":"queryOne","decl":{"start":{"line":149,"column":22},"end":{"line":149,"column":30}},"loc":{"start":{"line":149,"column":79},"end":{"line":154,"column":1}}},"4":{"name":"execute","decl":{"start":{"line":157,"column":22},"end":{"line":157,"column":29}},"loc":{"start":{"line":157,"column":65},"end":{"line":166,"column":1}}},"5":{"name":"batch","decl":{"start":{"line":169,"column":22},"end":{"line":169,"column":27}},"loc":{"start":{"line":169,"column":77},"end":{"line":176,"column":1}}},"6":{"name":"(anonymous_6)","decl":{"start":{"line":171,"column":44},"end":{"line":171,"column":45}},"loc":{"start":{"line":171,"column":64},"end":{"line":174,"column":3}}},"7":{"name":"executeMany","decl":{"start":{"line":179,"column":22},"end":{"line":179,"column":33}},"loc":{"start":{"line":179,"column":45},"end":{"line":182,"column":1}}},"8":{"name":"checkpoint","decl":{"start":{"line":185,"column":16},"end":{"line":185,"column":26}},"loc":{"start":{"line":185,"column":26},"end":{"line":187,"column":1}}},"9":{"name":"closeDb","decl":{"start":{"line":189,"column":16},"end":{"line":189,"column":23}},"loc":{"start":{"line":189,"column":23},"end":{"line":191,"column":1}}}},"branchMap":{"0":{"loc":{"start":{"line":140,"column":54},"end":{"line":140,"column":76}},"type":"default-arg","locations":[{"start":{"line":140,"column":74},"end":{"line":140,"column":76}}]},"1":{"loc":{"start":{"line":143,"column":20},"end":{"line":143,"column":67}},"type":"cond-expr","locations":[{"start":{"line":143,"column":40},"end":{"line":143,"column":60}},{"start":{"line":143,"column":63},"end":{"line":143,"column":67}}]},"2":{"loc":{"start":{"line":149,"column":57},"end":{"line":149,"column":79}},"type":"default-arg","locations":[{"start":{"line":149,"column":77},"end":{"line":149,"column":79}}]},"3":{"loc":{"start":{"line":152,"column":20},"end":{"line":152,"column":67}},"type":"cond-expr","locations":[{"start":{"line":152,"column":40},"end":{"line":152,"column":60}},{"start":{"line":152,"column":63},"end":{"line":152,"column":67}}]},"4":{"loc":{"start":{"line":157,"column":43},"end":{"line":157,"column":65}},"type":"default-arg","locations":[{"start":{"line":157,"column":63},"end":{"line":157,"column":65}}]},"5":{"loc":{"start":{"line":160,"column":20},"end":{"line":160,"column":67}},"type":"cond-expr","locations":[{"start":{"line":160,"column":40},"end":{"line":160,"column":60}},{"start":{"line":160,"column":63},"end":{"line":160,"column":67}}]},"6":{"loc":{"start":{"line":173,"column":11},"end":{"line":173,"column":68}},"type":"cond-expr","locations":[{"start":{"line":173,"column":41},"end":{"line":173,"column":61}},{"start":{"line":173,"column":64},"end":{"line":173,"column":68}}]},"7":{"loc":{"start":{"line":173,"column":11},"end":{"line":173,"column":38}},"type":"binary-expr","locations":[{"start":{"line":173,"column":11},"end":{"line":173,"column":17}},{"start":{"line":173,"column":21},"end":{"line":173,"column":38}}]}},"s":{"0":0,"1":0,"2":0,"3":0,"4":0,"5":0,"6":0,"7":0,"8":0,"9":0,"10":0,"11":0,"12":0,"13":0,"14":0,"15":0,"16":0,"17":0,"18":0,"19":0,"20":0,"21":0,"22":0,"23":0,"24":0,"25":0,"26":0,"27":0,"28":0,"29":0,"30":0,"31":0,"32":0,"33":0,"34":0},"f":{"0":0,"1":0,"2":0,"3":0,"4":0,"5":0,"6":0,"7":0,"8":0,"9":0},"b":{"0":[0],"1":[0,0],"2":[0],"3":[0,0],"4":[0],"5":[0,0],"6":[0,0],"7":[0,0]}}
,"/home/lucas-cardoso/Documents/mvp-sorria-leste-app/lib/constants/index.ts": {"path":"/home/lucas-cardoso/Documents/mvp-sorria-leste-app/lib/constants/index.ts","statementMap":{"0":{"start":{"line":1,"column":0},"end":{"line":1,"column":null}},"1":{"start":{"line":2,"column":2},"end":{"line":2,"column":null}},"2":{"start":{"line":3,"column":2},"end":{"line":3,"column":null}},"3":{"start":{"line":4,"column":2},"end":{"line":4,"column":null}},"4":{"start":{"line":5,"column":2},"end":{"line":5,"column":null}},"5":{"start":{"line":6,"column":2},"end":{"line":6,"column":null}},"6":{"start":{"line":7,"column":2},"end":{"line":7,"column":null}},"7":{"start":{"line":8,"column":2},"end":{"line":8,"column":null}},"8":{"start":{"line":9,"column":2},"end":{"line":9,"column":null}},"9":{"start":{"line":10,"column":2},"end":{"line":10,"column":null}},"10":{"start":{"line":14,"column":0},"end":{"line":14,"column":null}},"11":{"start":{"line":15,"column":2},"end":{"line":15,"column":null}},"12":{"start":{"line":16,"column":2},"end":{"line":16,"column":null}},"13":{"start":{"line":17,"column":2},"end":{"line":17,"column":null}},"14":{"start":{"line":21,"column":0},"end":{"line":21,"column":null}},"15":{"start":{"line":22,"column":2},"end":{"line":22,"column":null}},"16":{"start":{"line":23,"column":2},"end":{"line":23,"column":null}},"17":{"start":{"line":24,"column":2},"end":{"line":24,"column":null}},"18":{"start":{"line":25,"column":2},"end":{"line":25,"column":null}},"19":{"start":{"line":26,"column":2},"end":{"line":26,"column":null}},"20":{"start":{"line":29,"column":0},"end":{"line":29,"column":null}},"21":{"start":{"line":30,"column":2},"end":{"line":30,"column":null}},"22":{"start":{"line":31,"column":2},"end":{"line":31,"column":null}}},"fnMap":{"0":{"name":"(anonymous_0)","decl":{"start":{"line":2,"column":2},"end":{"line":2,"column":15}},"loc":{"start":{"line":2,"column":2},"end":{"line":2,"column":null}}},"1":{"name":"(anonymous_1)","decl":{"start":{"line":3,"column":2},"end":{"line":3,"column":21}},"loc":{"start":{"line":3,"column":2},"end":{"line":3,"column":null}}},"2":{"name":"(anonymous_2)","decl":{"start":{"line":4,"column":2},"end":{"line":4,"column":14}},"loc":{"start":{"line":4,"column":2},"end":{"line":4,"column":null}}},"3":{"name":"(anonymous_3)","decl":{"start":{"line":5,"column":2},"end":{"line":5,"column":17}},"loc":{"start":{"line":5,"column":2},"end":{"line":5,"column":null}}},"4":{"name":"(anonymous_4)","decl":{"start":{"line":6,"column":2},"end":{"line":6,"column":20}},"loc":{"start":{"line":6,"column":2},"end":{"line":6,"column":null}}},"5":{"name":"(anonymous_5)","decl":{"start":{"line":7,"column":2},"end":{"line":7,"column":23}},"loc":{"start":{"line":7,"column":2},"end":{"line":7,"column":null}}},"6":{"name":"(anonymous_6)","decl":{"start":{"line":8,"column":2},"end":{"line":8,"column":25}},"loc":{"start":{"line":8,"column":2},"end":{"line":8,"column":null}}},"7":{"name":"(anonymous_7)","decl":{"start":{"line":9,"column":2},"end":{"line":9,"column":22}},"loc":{"start":{"line":9,"column":2},"end":{"line":9,"column":null}}},"8":{"name":"(anonymous_8)","decl":{"start":{"line":10,"column":2},"end":{"line":10,"column":15}},"loc":{"start":{"line":10,"column":2},"end":{"line":10,"column":null}}},"9":{"name":"(anonymous_9)","decl":{"start":{"line":15,"column":2},"end":{"line":15,"column":17}},"loc":{"start":{"line":15,"column":2},"end":{"line":15,"column":null}}},"10":{"name":"(anonymous_10)","decl":{"start":{"line":16,"column":2},"end":{"line":16,"column":17}},"loc":{"start":{"line":16,"column":2},"end":{"line":16,"column":null}}},"11":{"name":"(anonymous_11)","decl":{"start":{"line":17,"column":2},"end":{"line":17,"column":16}},"loc":{"start":{"line":17,"column":2},"end":{"line":17,"column":null}}},"12":{"name":"(anonymous_12)","decl":{"start":{"line":22,"column":2},"end":{"line":22,"column":13}},"loc":{"start":{"line":22,"column":2},"end":{"line":22,"column":null}}},"13":{"name":"(anonymous_13)","decl":{"start":{"line":23,"column":2},"end":{"line":23,"column":25}},"loc":{"start":{"line":23,"column":2},"end":{"line":23,"column":null}}},"14":{"name":"(anonymous_14)","decl":{"start":{"line":24,"column":2},"end":{"line":24,"column":13}},"loc":{"start":{"line":24,"column":2},"end":{"line":24,"column":null}}},"15":{"name":"(anonymous_15)","decl":{"start":{"line":25,"column":2},"end":{"line":25,"column":11}},"loc":{"start":{"line":25,"column":2},"end":{"line":25,"column":null}}},"16":{"name":"(anonymous_16)","decl":{"start":{"line":26,"column":2},"end":{"line":26,"column":14}},"loc":{"start":{"line":26,"column":2},"end":{"line":26,"column":null}}},"17":{"name":"(anonymous_17)","decl":{"start":{"line":30,"column":2},"end":{"line":30,"column":12}},"loc":{"start":{"line":30,"column":2},"end":{"line":30,"column":null}}},"18":{"name":"(anonymous_18)","decl":{"start":{"line":31,"column":2},"end":{"line":31,"column":18}},"loc":{"start":{"line":31,"column":2},"end":{"line":31,"column":null}}}},"branchMap":{},"s":{"0":0,"1":0,"2":0,"3":0,"4":0,"5":0,"6":0,"7":0,"8":0,"9":0,"10":0,"11":0,"12":0,"13":0,"14":0,"15":0,"16":0,"17":0,"18":0,"19":0,"20":0,"21":0,"22":0},"f":{"0":0,"1":0,"2":0,"3":0,"4":0,"5":0,"6":0,"7":0,"8":0,"9":0,"10":0,"11":0,"12":0,"13":0,"14":0,"15":0,"16":0,"17":0,"18":0},"b":{}}
,"/home/lucas-cardoso/Documents/mvp-sorria-leste-app/lib/constants/navigation.ts": {"path":"/home/lucas-cardoso/Documents/mvp-sorria-leste-app/lib/constants/navigation.ts","statementMap":{"0":{"start":{"line":15,"column":13},"end":{"line":27,"column":2}},"1":{"start":{"line":30,"column":13},"end":{"line":33,"column":2}}},"fnMap":{},"branchMap":{},"s":{"0":0,"1":0},"f":{},"b":{}}
,"/home/lucas-cardoso/Documents/mvp-sorria-leste-app/lib/constants/origens.ts": {"path":"/home/lucas-cardoso/Documents/mvp-sorria-leste-app/lib/constants/origens.ts","statementMap":{"0":{"start":{"line":24,"column":0},"end":{"line":24,"column":16}},"1":{"start":{"line":12,"column":13},"end":{"line":18,"column":2}},"2":{"start":{"line":21,"column":13},"end":{"line":21,"column":84}},"3":{"start":{"line":21,"column":75},"end":{"line":21,"column":82}},"4":{"start":{"line":25,"column":17},"end":{"line":25,"column":64}},"5":{"start":{"line":25,"column":45},"end":{"line":25,"column":63}},"6":{"start":{"line":26,"column":2},"end":{"line":26,"column":33}}},"fnMap":{"0":{"name":"(anonymous_0)","decl":{"start":{"line":21,"column":68},"end":{"line":21,"column":69}},"loc":{"start":{"line":21,"column":75},"end":{"line":21,"column":82}}},"1":{"name":"getOrigemLabel","decl":{"start":{"line":24,"column":16},"end":{"line":24,"column":30}},"loc":{"start":{"line":24,"column":45},"end":{"line":27,"column":1}}},"2":{"name":"(anonymous_2)","decl":{"start":{"line":25,"column":38},"end":{"line":25,"column":39}},"loc":{"start":{"line":25,"column":45},"end":{"line":25,"column":63}}}},"branchMap":{"0":{"loc":{"start":{"line":26,"column":9},"end":{"line":26,"column":32}},"type":"cond-expr","locations":[{"start":{"line":26,"column":22},"end":{"line":26,"column":26}},{"start":{"line":26,"column":26},"end":{"line":26,"column":32}}]},"1":{"loc":{"start":{"line":26,"column":9},"end":{"line":26,"column":26}},"type":"binary-expr","locations":[{"start":{"line":26,"column":9},"end":{"line":26,"column":26}},{"start":{"line":26,"column":22},"end":{"line":26,"column":26}}]},"2":{"loc":{"start":{"line":26,"column":9},"end":{"line":26,"column":22}},"type":"cond-expr","locations":[{"start":{"line":26,"column":15},"end":{"line":26,"column":17}},{"start":{"line":26,"column":9},"end":{"line":26,"column":22}}]},"3":{"loc":{"start":{"line":26,"column":9},"end":{"line":26,"column":17}},"type":"binary-expr","locations":[{"start":{"line":26,"column":9},"end":{"line":26,"column":17}},{"start":{"line":26,"column":9},"end":{"line":26,"column":17}}]}},"s":{"0":0,"1":0,"2":0,"3":0,"4":0,"5":0,"6":0},"f":{"0":0,"1":0,"2":0},"b":{"0":[0,0],"1":[0,0],"2":[0,0],"3":[0,0]}}
,"/home/lucas-cardoso/Documents/mvp-sorria-leste-app/lib/constants/roles.ts": {"path":"/home/lucas-cardoso/Documents/mvp-sorria-leste-app/lib/constants/roles.ts","statementMap":{"0":{"start":{"line":35,"column":0},"end":{"line":35,"column":16}},"1":{"start":{"line":8,"column":13},"end":{"line":13,"column":2}},"2":{"start":{"line":16,"column":13},"end":{"line":21,"column":2}},"3":{"start":{"line":24,"column":13},"end":{"line":29,"column":2}},"4":{"start":{"line":32,"column":13},"end":{"line":32,"column":85}},"5":{"start":{"line":36,"column":2},"end":{"line":36,"column":47}}},"fnMap":{"0":{"name":"getRoleLabel","decl":{"start":{"line":35,"column":16},"end":{"line":35,"column":28}},"loc":{"start":{"line":35,"column":41},"end":{"line":37,"column":1}}}},"branchMap":{"0":{"loc":{"start":{"line":36,"column":9},"end":{"line":36,"column":46}},"type":"cond-expr","locations":[{"start":{"line":36,"column":38},"end":{"line":36,"column":42}},{"start":{"line":36,"column":42},"end":{"line":36,"column":46}}]},"1":{"loc":{"start":{"line":36,"column":9},"end":{"line":36,"column":42}},"type":"binary-expr","locations":[{"start":{"line":36,"column":9},"end":{"line":36,"column":42}},{"start":{"line":36,"column":38},"end":{"line":36,"column":42}}]}},"s":{"0":0,"1":0,"2":0,"3":0,"4":0,"5":0},"f":{"0":0},"b":{"0":[0,0],"1":[0,0]}}
,"/home/lucas-cardoso/Documents/mvp-sorria-leste-app/lib/constants/status.ts": {"path":"/home/lucas-cardoso/Documents/mvp-sorria-leste-app/lib/constants/status.ts","statementMap":{"0":{"start":{"line":155,"column":0},"end":{"line":155,"column":16}},"1":{"start":{"line":167,"column":0},"end":{"line":167,"column":16}},"2":{"start":{"line":17,"column":13},"end":{"line":48,"column":2}},"3":{"start":{"line":51,"column":13},"end":{"line":57,"column":2}},"4":{"start":{"line":60,"column":13},"end":{"line":66,"column":2}},"5":{"start":{"line":69,"column":13},"end":{"line":75,"column":2}},"6":{"start":{"line":86,"column":13},"end":{"line":111,"column":2}},"7":{"start":{"line":123,"column":13},"end":{"line":139,"column":2}},"8":{"start":{"line":145,"column":13},"end":{"line":150,"column":2}},"9":{"start":{"line":156,"column":2},"end":{"line":163,"column":4}},"10":{"start":{"line":168,"column":2},"end":{"line":175,"column":4}}},"fnMap":{"0":{"name":"getAtendimentoStatus","decl":{"start":{"line":155,"column":16},"end":{"line":155,"column":36}},"loc":{"start":{"line":155,"column":51},"end":{"line":164,"column":1}}},"1":{"name":"getItemStatus","decl":{"start":{"line":167,"column":16},"end":{"line":167,"column":29}},"loc":{"start":{"line":167,"column":44},"end":{"line":176,"column":1}}}},"branchMap":{"0":{"loc":{"start":{"line":157,"column":4},"end":{"line":162,"column":null}},"type":"cond-expr","locations":[{"start":{"line":157,"column":46},"end":{"line":157,"column":50}},{"start":{"line":157,"column":50},"end":{"line":162,"column":null}}]},"1":{"loc":{"start":{"line":157,"column":4},"end":{"line":157,"column":50}},"type":"binary-expr","locations":[{"start":{"line":157,"column":4},"end":{"line":157,"column":50}},{"start":{"line":157,"column":46},"end":{"line":157,"column":50}}]},"2":{"loc":{"start":{"line":169,"column":4},"end":{"line":174,"column":null}},"type":"cond-expr","locations":[{"start":{"line":169,"column":44},"end":{"line":169,"column":48}},{"start":{"line":169,"column":48},"end":{"line":174,"column":null}}]},"3":{"loc":{"start":{"line":169,"column":4},"end":{"line":169,"column":48}},"type":"binary-expr","locations":[{"start":{"line":169,"column":4},"end":{"line":169,"column":48}},{"start":{"line":169,"column":44},"end":{"line":169,"column":48}}]}},"s":{"0":0,"1":0,"2":0,"3":0,"4":0,"5":0,"6":0,"7":0,"8":0,"9":0,"10":0},"f":{"0":0,"1":0},"b":{"0":[0,0],"1":[0,0],"2":[0,0],"3":[0,0]}}
,"/home/lucas-cardoso/Documents/mvp-sorria-leste-app/lib/utils/formatters.ts": {"path":"/home/lucas-cardoso/Documents/mvp-sorria-leste-app/lib/utils/formatters.ts","statementMap":{"0":{"start":{"line":7,"column":0},"end":{"line":7,"column":16}},"1":{"start":{"line":12,"column":0},"end":{"line":12,"column":16}},"2":{"start":{"line":21,"column":0},"end":{"line":21,"column":16}},"3":{"start":{"line":32,"column":0},"end":{"line":32,"column":16}},"4":{"start":{"line":37,"column":0},"end":{"line":37,"column":16}},"5":{"start":{"line":45,"column":0},"end":{"line":45,"column":16}},"6":{"start":{"line":58,"column":0},"end":{"line":58,"column":16}},"7":{"start":{"line":63,"column":0},"end":{"line":63,"column":16}},"8":{"start":{"line":8,"column":2},"end":{"line":8,"column":79}},"9":{"start":{"line":13,"column":2},"end":{"line":17,"column":5}},"10":{"start":{"line":22,"column":2},"end":{"line":28,"column":5}},"11":{"start":{"line":33,"column":2},"end":{"line":33,"column":48}},"12":{"start":{"line":38,"column":2},"end":{"line":38,"column":23}},"13":{"start":{"line":38,"column":12},"end":{"line":38,"column":23}},"14":{"start":{"line":39,"column":17},"end":{"line":39,"column":39}},"15":{"start":{"line":40,"column":2},"end":{"line":40,"column":39}},"16":{"start":{"line":40,"column":28},"end":{"line":40,"column":39}},"17":{"start":{"line":41,"column":2},"end":{"line":41,"column":71}},"18":{"start":{"line":46,"column":2},"end":{"line":46,"column":28}},"19":{"start":{"line":46,"column":17},"end":{"line":46,"column":28}},"20":{"start":{"line":47,"column":17},"end":{"line":47,"column":44}},"21":{"start":{"line":48,"column":2},"end":{"line":50,"column":3}},"22":{"start":{"line":49,"column":4},"end":{"line":49,"column":65}},"23":{"start":{"line":51,"column":2},"end":{"line":53,"column":3}},"24":{"start":{"line":52,"column":4},"end":{"line":52,"column":65}},"25":{"start":{"line":54,"column":2},"end":{"line":54,"column":18}},"26":{"start":{"line":59,"column":2},"end":{"line":59,"column":21}},"27":{"start":{"line":64,"column":2},"end":{"line":69,"column":14}},"28":{"start":{"line":68,"column":16},"end":{"line":68,"column":34}}},"fnMap":{"0":{"name":"formatarMoeda","decl":{"start":{"line":7,"column":16},"end":{"line":7,"column":29}},"loc":{"start":{"line":7,"column":43},"end":{"line":9,"column":1}}},"1":{"name":"formatarData","decl":{"start":{"line":12,"column":16},"end":{"line":12,"column":28}},"loc":{"start":{"line":12,"column":41},"end":{"line":18,"column":1}}},"2":{"name":"formatarDataHora","decl":{"start":{"line":21,"column":16},"end":{"line":21,"column":32}},"loc":{"start":{"line":21,"column":45},"end":{"line":29,"column":1}}},"3":{"name":"formatarDataCompleta","decl":{"start":{"line":32,"column":16},"end":{"line":32,"column":36}},"loc":{"start":{"line":32,"column":49},"end":{"line":34,"column":1}}},"4":{"name":"formatarCPF","decl":{"start":{"line":37,"column":16},"end":{"line":37,"column":27}},"loc":{"start":{"line":37,"column":46},"end":{"line":42,"column":1}}},"5":{"name":"formatarTelefone","decl":{"start":{"line":45,"column":16},"end":{"line":45,"column":32}},"loc":{"start":{"line":45,"column":56},"end":{"line":55,"column":1}}},"6":{"name":"formatarPorcentagem","decl":{"start":{"line":58,"column":16},"end":{"line":58,"column":35}},"loc":{"start":{"line":58,"column":49},"end":{"line":60,"column":1}}},"7":{"name":"obterIniciais","decl":{"start":{"line":63,"column":16},"end":{"line":63,"column":29}},"loc":{"start":{"line":63,"column":42},"end":{"line":70,"column":1}}},"8":{"name":"(anonymous_8)","decl":{"start":{"line":68,"column":9},"end":{"line":68,"column":10}},"loc":{"start":{"line":68,"column":16},"end":{"line":68,"column":34}}}},"branchMap":{"0":{"loc":{"start":{"line":38,"column":2},"end":{"line":38,"column":23}},"type":"if","locations":[{"start":{"line":38,"column":2},"end":{"line":38,"column":23}},{"start":{},"end":{}}]},"1":{"loc":{"start":{"line":40,"column":2},"end":{"line":40,"column":39}},"type":"if","locations":[{"start":{"line":40,"column":2},"end":{"line":40,"column":39}},{"start":{},"end":{}}]},"2":{"loc":{"start":{"line":46,"column":2},"end":{"line":46,"column":28}},"type":"if","locations":[{"start":{"line":46,"column":2},"end":{"line":46,"column":28}},{"start":{},"end":{}}]},"3":{"loc":{"start":{"line":48,"column":2},"end":{"line":50,"column":3}},"type":"if","locations":[{"start":{"line":48,"column":2},"end":{"line":50,"column":3}},{"start":{},"end":{}}]},"4":{"loc":{"start":{"line":51,"column":2},"end":{"line":53,"column":3}},"type":"if","locations":[{"start":{"line":51,"column":2},"end":{"line":53,"column":3}},{"start":{},"end":{}}]}},"s":{"0":1,"1":1,"2":1,"3":1,"4":1,"5":1,"6":1,"7":1,"8":6,"9":4,"10":2,"11":2,"12":5,"13":2,"14":3,"15":3,"16":1,"17":2,"18":6,"19":2,"20":4,"21":4,"22":2,"23":2,"24":1,"25":1,"26":4,"27":6,"28":11},"f":{"0":6,"1":4,"2":2,"3":2,"4":5,"5":6,"6":4,"7":6,"8":11},"b":{"0":[2,3],"1":[1,2],"2":[2,4],"3":[2,2],"4":[1,1]}}
,"/home/lucas-cardoso/Documents/mvp-sorria-leste-app/lib/utils/index.ts": {"path":"/home/lucas-cardoso/Documents/mvp-sorria-leste-app/lib/utils/index.ts","statementMap":{"0":{"start":{"line":1,"column":0},"end":{"line":1,"column":null}},"1":{"start":{"line":2,"column":2},"end":{"line":2,"column":null}},"2":{"start":{"line":3,"column":2},"end":{"line":3,"column":null}},"3":{"start":{"line":4,"column":2},"end":{"line":4,"column":null}},"4":{"start":{"line":5,"column":2},"end":{"line":5,"column":null}},"5":{"start":{"line":6,"column":2},"end":{"line":6,"column":null}},"6":{"start":{"line":7,"column":2},"end":{"line":7,"column":null}},"7":{"start":{"line":8,"column":2},"end":{"line":8,"column":null}},"8":{"start":{"line":9,"column":2},"end":{"line":9,"column":null}},"9":{"start":{"line":12,"column":0},"end":{"line":12,"column":null}},"10":{"start":{"line":13,"column":2},"end":{"line":13,"column":null}},"11":{"start":{"line":14,"column":2},"end":{"line":14,"column":null}},"12":{"start":{"line":15,"column":2},"end":{"line":15,"column":null}},"13":{"start":{"line":16,"column":2},"end":{"line":16,"column":null}},"14":{"start":{"line":17,"column":2},"end":{"line":17,"column":null}},"15":{"start":{"line":20,"column":0},"end":{"line":20,"column":null}},"16":{"start":{"line":21,"column":2},"end":{"line":21,"column":null}},"17":{"start":{"line":22,"column":2},"end":{"line":22,"column":null}},"18":{"start":{"line":23,"column":2},"end":{"line":23,"column":null}},"19":{"start":{"line":24,"column":2},"end":{"line":24,"column":null}},"20":{"start":{"line":25,"column":2},"end":{"line":25,"column":null}}},"fnMap":{"0":{"name":"(anonymous_0)","decl":{"start":{"line":2,"column":2},"end":{"line":2,"column":15}},"loc":{"start":{"line":2,"column":2},"end":{"line":2,"column":null}}},"1":{"name":"(anonymous_1)","decl":{"start":{"line":3,"column":2},"end":{"line":3,"column":14}},"loc":{"start":{"line":3,"column":2},"end":{"line":3,"column":null}}},"2":{"name":"(anonymous_2)","decl":{"start":{"line":4,"column":2},"end":{"line":4,"column":18}},"loc":{"start":{"line":4,"column":2},"end":{"line":4,"column":null}}},"3":{"name":"(anonymous_3)","decl":{"start":{"line":5,"column":2},"end":{"line":5,"column":22}},"loc":{"start":{"line":5,"column":2},"end":{"line":5,"column":null}}},"4":{"name":"(anonymous_4)","decl":{"start":{"line":6,"column":2},"end":{"line":6,"column":13}},"loc":{"start":{"line":6,"column":2},"end":{"line":6,"column":null}}},"5":{"name":"(anonymous_5)","decl":{"start":{"line":7,"column":2},"end":{"line":7,"column":18}},"loc":{"start":{"line":7,"column":2},"end":{"line":7,"column":null}}},"6":{"name":"(anonymous_6)","decl":{"start":{"line":8,"column":2},"end":{"line":8,"column":21}},"loc":{"start":{"line":8,"column":2},"end":{"line":8,"column":null}}},"7":{"name":"(anonymous_7)","decl":{"start":{"line":9,"column":2},"end":{"line":9,"column":15}},"loc":{"start":{"line":9,"column":2},"end":{"line":9,"column":null}}},"8":{"name":"(anonymous_8)","decl":{"start":{"line":13,"column":2},"end":{"line":13,"column":12}},"loc":{"start":{"line":13,"column":2},"end":{"line":13,"column":null}}},"9":{"name":"(anonymous_9)","decl":{"start":{"line":14,"column":2},"end":{"line":14,"column":14}},"loc":{"start":{"line":14,"column":2},"end":{"line":14,"column":null}}},"10":{"name":"(anonymous_10)","decl":{"start":{"line":15,"column":2},"end":{"line":15,"column":17}},"loc":{"start":{"line":15,"column":2},"end":{"line":15,"column":null}}},"11":{"name":"(anonymous_11)","decl":{"start":{"line":16,"column":2},"end":{"line":16,"column":20}},"loc":{"start":{"line":16,"column":2},"end":{"line":16,"column":null}}},"12":{"name":"(anonymous_12)","decl":{"start":{"line":17,"column":2},"end":{"line":17,"column":14}},"loc":{"start":{"line":17,"column":2},"end":{"line":17,"column":null}}},"13":{"name":"(anonymous_13)","decl":{"start":{"line":21,"column":2},"end":{"line":21,"column":9}},"loc":{"start":{"line":21,"column":2},"end":{"line":21,"column":null}}},"14":{"name":"(anonymous_14)","decl":{"start":{"line":22,"column":2},"end":{"line":22,"column":14}},"loc":{"start":{"line":22,"column":2},"end":{"line":22,"column":null}}},"15":{"name":"(anonymous_15)","decl":{"start":{"line":23,"column":2},"end":{"line":23,"column":11}},"loc":{"start":{"line":23,"column":2},"end":{"line":23,"column":null}}},"16":{"name":"(anonymous_16)","decl":{"start":{"line":24,"column":2},"end":{"line":24,"column":8}},"loc":{"start":{"line":24,"column":2},"end":{"line":24,"column":null}}},"17":{"name":"(anonymous_17)","decl":{"start":{"line":25,"column":2},"end":{"line":25,"column":13}},"loc":{"start":{"line":25,"column":2},"end":{"line":25,"column":null}}}},"branchMap":{},"s":{"0":0,"1":0,"2":0,"3":0,"4":0,"5":0,"6":0,"7":0,"8":0,"9":0,"10":0,"11":0,"12":0,"13":0,"14":0,"15":0,"16":0,"17":0,"18":0,"19":0,"20":0},"f":{"0":0,"1":0,"2":0,"3":0,"4":0,"5":0,"6":0,"7":0,"8":0,"9":0,"10":0,"11":0,"12":0,"13":0,"14":0,"15":0,"16":0,"17":0},"b":{}}
,"/home/lucas-cardoso/Documents/mvp-sorria-leste-app/lib/utils/masks.ts": {"path":"/home/lucas-cardoso/Documents/mvp-sorria-leste-app/lib/utils/masks.ts","statementMap":{"0":{"start":{"line":6,"column":0},"end":{"line":6,"column":16}},"1":{"start":{"line":15,"column":0},"end":{"line":15,"column":16}},"2":{"start":{"line":25,"column":0},"end":{"line":25,"column":16}},"3":{"start":{"line":41,"column":0},"end":{"line":41,"column":16}},"4":{"start":{"line":46,"column":0},"end":{"line":46,"column":16}},"5":{"start":{"line":7,"column":17},"end":{"line":7,"column":54}},"6":{"start":{"line":8,"column":2},"end":{"line":11,"column":43}},"7":{"start":{"line":16,"column":17},"end":{"line":16,"column":54}},"8":{"start":{"line":17,"column":2},"end":{"line":17,"column":68}},"9":{"start":{"line":17,"column":26},"end":{"line":17,"column":68}},"10":{"start":{"line":18,"column":2},"end":{"line":18,"column":79}},"11":{"start":{"line":18,"column":26},"end":{"line":18,"column":79}},"12":{"start":{"line":19,"column":2},"end":{"line":20,"column":67}},"13":{"start":{"line":20,"column":4},"end":{"line":20,"column":67}},"14":{"start":{"line":21,"column":2},"end":{"line":21,"column":65}},"15":{"start":{"line":27,"column":15},"end":{"line":27,"column":39}},"16":{"start":{"line":28,"column":2},"end":{"line":28,"column":25}},"17":{"start":{"line":28,"column":15},"end":{"line":28,"column":25}},"18":{"start":{"line":31,"column":19},"end":{"line":31,"column":39}},"19":{"start":{"line":32,"column":16},"end":{"line":32,"column":43}},"20":{"start":{"line":35,"column":29},"end":{"line":35,"column":45}},"21":{"start":{"line":36,"column":27},"end":{"line":36,"column":72}},"22":{"start":{"line":37,"column":2},"end":{"line":37,"column":45}},"23":{"start":{"line":42,"column":2},"end":{"line":42,"column":34}},"24":{"start":{"line":47,"column":17},"end":{"line":47,"column":41}},"25":{"start":{"line":48,"column":2},"end":{"line":48,"column":24}},"26":{"start":{"line":48,"column":15},"end":{"line":48,"column":24}},"27":{"start":{"line":49,"column":2},"end":{"line":49,"column":36}}},"fnMap":{"0":{"name":"maskCPF","decl":{"start":{"line":6,"column":16},"end":{"line":6,"column":23}},"loc":{"start":{"line":6,"column":37},"end":{"line":12,"column":1}}},"1":{"name":"maskTelefone","decl":{"start":{"line":15,"column":16},"end":{"line":15,"column":28}},"loc":{"start":{"line":15,"column":42},"end":{"line":22,"column":1}}},"2":{"name":"maskMoeda","decl":{"start":{"line":25,"column":16},"end":{"line":25,"column":25}},"loc":{"start":{"line":25,"column":39},"end":{"line":38,"column":1}}},"3":{"name":"unmask","decl":{"start":{"line":41,"column":16},"end":{"line":41,"column":22}},"loc":{"start":{"line":41,"column":36},"end":{"line":43,"column":1}}},"4":{"name":"unmaskMoeda","decl":{"start":{"line":46,"column":16},"end":{"line":46,"column":27}},"loc":{"start":{"line":46,"column":41},"end":{"line":50,"column":1}}}},"branchMap":{"0":{"loc":{"start":{"line":17,"column":2},"end":{"line":17,"column":68}},"type":"if","locations":[{"start":{"line":17,"column":2},"end":{"line":17,"column":68}},{"start":{},"end":{}}]},"1":{"loc":{"start":{"line":18,"column":2},"end":{"line":18,"column":79}},"type":"if","locations":[{"start":{"line":18,"column":2},"end":{"line":18,"column":79}},{"start":{},"end":{}}]},"2":{"loc":{"start":{"line":19,"column":2},"end":{"line":20,"column":67}},"type":"if","locations":[{"start":{"line":19,"column":2},"end":{"line":20,"column":67}},{"start":{},"end":{}}]},"3":{"loc":{"start":{"line":28,"column":2},"end":{"line":28,"column":25}},"type":"if","locations":[{"start":{"line":28,"column":2},"end":{"line":28,"column":25}},{"start":{},"end":{}}]},"4":{"loc":{"start":{"line":48,"column":2},"end":{"line":48,"column":24}},"type":"if","locations":[{"start":{"line":48,"column":2},"end":{"line":48,"column":24}},{"start":{},"end":{}}]}},"s":{"0":1,"1":1,"2":1,"3":1,"4":1,"5":12,"6":12,"7":9,"8":9,"9":3,"10":6,"11":2,"12":4,"13":1,"14":3,"15":11,"16":11,"17":2,"18":9,"19":9,"20":9,"21":9,"22":9,"23":6,"24":8,"25":8,"26":2,"27":6},"f":{"0":12,"1":9,"2":11,"3":6,"4":8},"b":{"0":[3,6],"1":[2,4],"2":[1,3],"3":[2,9],"4":[2,6]}}
,"/home/lucas-cardoso/Documents/mvp-sorria-leste-app/lib/utils/usePageTitle.ts": {"path":"/home/lucas-cardoso/Documents/mvp-sorria-leste-app/lib/utils/usePageTitle.ts","statementMap":{"0":{"start":{"line":6,"column":0},"end":{"line":6,"column":24}},"1":{"start":{"line":3,"column":0},"end":{"line":3,"column":34}},"2":{"start":{"line":7,"column":2},"end":{"line":13,"column":14}},"3":{"start":{"line":8,"column":21},"end":{"line":8,"column":35}},"4":{"start":{"line":9,"column":4},"end":{"line":9,"column":72}},"5":{"start":{"line":10,"column":4},"end":{"line":12,"column":6}},"6":{"start":{"line":11,"column":6},"end":{"line":11,"column":32}}},"fnMap":{"0":{"name":"usePageTitle","decl":{"start":{"line":6,"column":24},"end":{"line":6,"column":36}},"loc":{"start":{"line":6,"column":50},"end":{"line":14,"column":1}}},"1":{"name":"(anonymous_1)","decl":{"start":{"line":7,"column":12},"end":{"line":7,"column":15}},"loc":{"start":{"line":7,"column":17},"end":{"line":13,"column":3}}},"2":{"name":"(anonymous_2)","decl":{"start":{"line":10,"column":11},"end":{"line":10,"column":14}},"loc":{"start":{"line":10,"column":16},"end":{"line":12,"column":5}}}},"branchMap":{"0":{"loc":{"start":{"line":9,"column":21},"end":{"line":9,"column":71}},"type":"cond-expr","locations":[{"start":{"line":9,"column":29},"end":{"line":9,"column":54}},{"start":{"line":9,"column":57},"end":{"line":9,"column":71}}]}},"s":{"0":0,"1":0,"2":0,"3":0,"4":0,"5":0,"6":0},"f":{"0":0,"1":0,"2":0},"b":{"0":[0,0]}}
,"/home/lucas-cardoso/Documents/mvp-sorria-leste-app/lib/utils/validators.ts": {"path":"/home/lucas-cardoso/Documents/mvp-sorria-leste-app/lib/utils/validators.ts","statementMap":{"0":{"start":{"line":6,"column":0},"end":{"line":6,"column":16}},"1":{"start":{"line":28,"column":0},"end":{"line":28,"column":16}},"2":{"start":{"line":33,"column":0},"end":{"line":33,"column":16}},"3":{"start":{"line":39,"column":0},"end":{"line":39,"column":16}},"4":{"start":{"line":44,"column":0},"end":{"line":44,"column":16}},"5":{"start":{"line":7,"column":17},"end":{"line":7,"column":39}},"6":{"start":{"line":8,"column":2},"end":{"line":8,"column":41}},"7":{"start":{"line":8,"column":28},"end":{"line":8,"column":41}},"8":{"start":{"line":11,"column":2},"end":{"line":11,"column":48}},"9":{"start":{"line":11,"column":35},"end":{"line":11,"column":48}},"10":{"start":{"line":14,"column":2},"end":{"line":22,"column":3}},"11":{"start":{"line":14,"column":15},"end":{"line":14,"column":16}},"12":{"start":{"line":15,"column":14},"end":{"line":15,"column":15}},"13":{"start":{"line":16,"column":4},"end":{"line":18,"column":5}},"14":{"start":{"line":16,"column":17},"end":{"line":16,"column":18}},"15":{"start":{"line":17,"column":6},"end":{"line":17,"column":47}},"16":{"start":{"line":19,"column":20},"end":{"line":19,"column":35}},"17":{"start":{"line":20,"column":4},"end":{"line":20,"column":40}},"18":{"start":{"line":20,"column":26},"end":{"line":20,"column":40}},"19":{"start":{"line":21,"column":4},"end":{"line":21,"column":56}},"20":{"start":{"line":21,"column":43},"end":{"line":21,"column":56}},"21":{"start":{"line":24,"column":2},"end":{"line":24,"column":14}},"22":{"start":{"line":29,"column":2},"end":{"line":29,"column":50}},"23":{"start":{"line":34,"column":17},"end":{"line":34,"column":44}},"24":{"start":{"line":35,"column":2},"end":{"line":35,"column":54}},"25":{"start":{"line":40,"column":2},"end":{"line":40,"column":33}},"26":{"start":{"line":45,"column":2},"end":{"line":45,"column":67}}},"fnMap":{"0":{"name":"validarCPF","decl":{"start":{"line":6,"column":16},"end":{"line":6,"column":26}},"loc":{"start":{"line":6,"column":38},"end":{"line":25,"column":1}}},"1":{"name":"validarEmail","decl":{"start":{"line":28,"column":16},"end":{"line":28,"column":28}},"loc":{"start":{"line":28,"column":42},"end":{"line":30,"column":1}}},"2":{"name":"validarTelefone","decl":{"start":{"line":33,"column":16},"end":{"line":33,"column":31}},"loc":{"start":{"line":33,"column":48},"end":{"line":36,"column":1}}},"3":{"name":"validarObrigatorio","decl":{"start":{"line":39,"column":16},"end":{"line":39,"column":34}},"loc":{"start":{"line":39,"column":48},"end":{"line":41,"column":1}}},"4":{"name":"validarValor","decl":{"start":{"line":44,"column":16},"end":{"line":44,"column":28}},"loc":{"start":{"line":44,"column":42},"end":{"line":46,"column":1}}}},"branchMap":{"0":{"loc":{"start":{"line":8,"column":2},"end":{"line":8,"column":41}},"type":"if","locations":[{"start":{"line":8,"column":2},"end":{"line":8,"column":41}},{"start":{},"end":{}}]},"1":{"loc":{"start":{"line":11,"column":2},"end":{"line":11,"column":48}},"type":"if","locations":[{"start":{"line":11,"column":2},"end":{"line":11,"column":48}},{"start":{},"end":{}}]},"2":{"loc":{"start":{"line":20,"column":4},"end":{"line":20,"column":40}},"type":"if","locations":[{"start":{"line":20,"column":4},"end":{"line":20,"column":40}},{"start":{},"end":{}}]},"3":{"loc":{"start":{"line":21,"column":4},"end":{"line":21,"column":56}},"type":"if","locations":[{"start":{"line":21,"column":4},"end":{"line":21,"column":56}},{"start":{},"end":{}}]},"4":{"loc":{"start":{"line":35,"column":9},"end":{"line":35,"column":53}},"type":"binary-expr","locations":[{"start":{"line":35,"column":9},"end":{"line":35,"column":29}},{"start":{"line":35,"column":33},"end":{"line":35,"column":53}}]},"5":{"loc":{"start":{"line":45,"column":9},"end":{"line":45,"column":66}},"type":"binary-expr","locations":[{"start":{"line":45,"column":9},"end":{"line":45,"column":34}},{"start":{"line":45,"column":38},"end":{"line":45,"column":47}},{"start":{"line":45,"column":51},"end":{"line":45,"column":66}}]}},"s":{"0":1,"1":1,"2":1,"3":1,"4":1,"5":21,"6":21,"7":4,"8":17,"9":10,"10":7,"11":7,"12":13,"13":13,"14":13,"15":123,"16":13,"17":13,"18":0,"19":13,"20":2,"21":5,"22":12,"23":8,"24":8,"25":5,"26":10},"f":{"0":21,"1":12,"2":8,"3":5,"4":10},"b":{"0":[4,17],"1":[10,7],"2":[0,13],"3":[2,11],"4":[8,6],"5":[10,9,5]}}
}
