TN:
SF:lib/db.ts
FN:118,getDb
FN:124,getR2Bucket
FN:140,query
FN:149,queryOne
FN:157,execute
FN:169,batch
FN:171,(anonymous_6)
FN:179,executeMany
FN:185,checkpoint
FN:189,closeDb
FNF:10
FNH:0
FNDA:0,getDb
FNDA:0,getR2Bucket
FNDA:0,query
FNDA:0,queryOne
FNDA:0,execute
FNDA:0,batch
FNDA:0,(anonymous_6)
FNDA:0,executeMany
FNDA:0,checkpoint
FNDA:0,closeDb
DA:5,0
DA:118,0
DA:119,0
DA:120,0
DA:124,0
DA:125,0
DA:126,0
DA:140,0
DA:141,0
DA:142,0
DA:143,0
DA:144,0
DA:145,0
DA:149,0
DA:150,0
DA:151,0
DA:152,0
DA:153,0
DA:157,0
DA:158,0
DA:159,0
DA:160,0
DA:161,0
DA:162,0
DA:169,0
DA:170,0
DA:171,0
DA:172,0
DA:173,0
DA:175,0
DA:179,0
DA:180,0
DA:181,0
DA:185,0
DA:189,0
LF:35
LH:0
BRDA:140,0,0,0
BRDA:143,1,0,0
BRDA:143,1,1,0
BRDA:149,2,0,0
BRDA:152,3,0,0
BRDA:152,3,1,0
BRDA:157,4,0,0
BRDA:160,5,0,0
BRDA:160,5,1,0
BRDA:173,6,0,0
BRDA:173,6,1,0
BRDA:173,7,0,0
BRDA:173,7,1,0
BRF:13
BRH:0
end_of_record
TN:
SF:lib/constants/index.ts
FN:2,(anonymous_0)
FN:3,(anonymous_1)
FN:4,(anonymous_2)
FN:5,(anonymous_3)
FN:6,(anonymous_4)
FN:7,(anonymous_5)
FN:8,(anonymous_6)
FN:9,(anonymous_7)
FN:10,(anonymous_8)
FN:15,(anonymous_9)
FN:16,(anonymous_10)
FN:17,(anonymous_11)
FN:22,(anonymous_12)
FN:23,(anonymous_13)
FN:24,(anonymous_14)
FN:25,(anonymous_15)
FN:26,(anonymous_16)
FN:30,(anonymous_17)
FN:31,(anonymous_18)
FNF:19
FNH:0
FNDA:0,(anonymous_0)
FNDA:0,(anonymous_1)
FNDA:0,(anonymous_2)
FNDA:0,(anonymous_3)
FNDA:0,(anonymous_4)
FNDA:0,(anonymous_5)
FNDA:0,(anonymous_6)
FNDA:0,(anonymous_7)
FNDA:0,(anonymous_8)
FNDA:0,(anonymous_9)
FNDA:0,(anonymous_10)
FNDA:0,(anonymous_11)
FNDA:0,(anonymous_12)
FNDA:0,(anonymous_13)
FNDA:0,(anonymous_14)
FNDA:0,(anonymous_15)
FNDA:0,(anonymous_16)
FNDA:0,(anonymous_17)
FNDA:0,(anonymous_18)
DA:1,0
DA:2,0
DA:3,0
DA:4,0
DA:5,0
DA:6,0
DA:7,0
DA:8,0
DA:9,0
DA:10,0
DA:14,0
DA:15,0
DA:16,0
DA:17,0
DA:21,0
DA:22,0
DA:23,0
DA:24,0
DA:25,0
DA:26,0
DA:29,0
DA:30,0
DA:31,0
LF:23
LH:0
BRF:0
BRH:0
end_of_record
TN:
SF:lib/constants/navigation.ts
FNF:0
FNH:0
DA:15,0
DA:30,0
LF:2
LH:0
BRF:0
BRH:0
end_of_record
TN:
SF:lib/constants/origens.ts
FN:21,(anonymous_0)
FN:24,getOrigemLabel
FN:25,(anonymous_2)
FNF:3
FNH:0
FNDA:0,(anonymous_0)
FNDA:0,getOrigemLabel
FNDA:0,(anonymous_2)
DA:12,0
DA:21,0
DA:24,0
DA:25,0
DA:26,0
LF:5
LH:0
BRDA:26,0,0,0
BRDA:26,0,1,0
BRDA:26,1,0,0
BRDA:26,1,1,0
BRDA:26,2,0,0
BRDA:26,2,1,0
BRDA:26,3,0,0
BRDA:26,3,1,0
BRF:8
BRH:0
end_of_record
TN:
SF:lib/constants/roles.ts
FN:35,getRoleLabel
FNF:1
FNH:0
FNDA:0,getRoleLabel
DA:8,0
DA:16,0
DA:24,0
DA:32,0
DA:35,0
DA:36,0
LF:6
LH:0
BRDA:36,0,0,0
BRDA:36,0,1,0
BRDA:36,1,0,0
BRDA:36,1,1,0
BRF:4
BRH:0
end_of_record
TN:
SF:lib/constants/status.ts
FN:155,getAtendimentoStatus
FN:167,getItemStatus
FNF:2
FNH:0
FNDA:0,getAtendimentoStatus
FNDA:0,getItemStatus
DA:17,0
DA:51,0
DA:60,0
DA:69,0
DA:86,0
DA:123,0
DA:145,0
DA:155,0
DA:156,0
DA:167,0
DA:168,0
LF:11
LH:0
BRDA:157,0,0,0
BRDA:157,0,1,0
BRDA:157,1,0,0
BRDA:157,1,1,0
BRDA:169,2,0,0
BRDA:169,2,1,0
BRDA:169,3,0,0
BRDA:169,3,1,0
BRF:8
BRH:0
end_of_record
TN:
SF:lib/utils/formatters.ts
FN:7,formatarMoeda
FN:12,formatarData
FN:21,formatarDataHora
FN:32,formatarDataCompleta
FN:37,formatarCPF
FN:45,formatarTelefone
FN:58,formatarPorcentagem
FN:63,obterIniciais
FN:68,(anonymous_8)
FNF:9
FNH:9
FNDA:6,formatarMoeda
FNDA:4,formatarData
FNDA:2,formatarDataHora
FNDA:2,formatarDataCompleta
FNDA:5,formatarCPF
FNDA:6,formatarTelefone
FNDA:4,formatarPorcentagem
FNDA:6,obterIniciais
FNDA:11,(anonymous_8)
DA:7,1
DA:8,6
DA:12,1
DA:13,4
DA:21,1
DA:22,2
DA:32,1
DA:33,2
DA:37,1
DA:38,5
DA:39,3
DA:40,3
DA:41,2
DA:45,1
DA:46,6
DA:47,4
DA:48,4
DA:49,2
DA:51,2
DA:52,1
DA:54,1
DA:58,1
DA:59,4
DA:63,1
DA:64,6
DA:68,11
LF:26
LH:26
BRDA:38,0,0,2
BRDA:38,0,1,3
BRDA:40,1,0,1
BRDA:40,1,1,2
BRDA:46,2,0,2
BRDA:46,2,1,4
BRDA:48,3,0,2
BRDA:48,3,1,2
BRDA:51,4,0,1
BRDA:51,4,1,1
BRF:10
BRH:10
end_of_record
TN:
SF:lib/utils/index.ts
FN:2,(anonymous_0)
FN:3,(anonymous_1)
FN:4,(anonymous_2)
FN:5,(anonymous_3)
FN:6,(anonymous_4)
FN:7,(anonymous_5)
FN:8,(anonymous_6)
FN:9,(anonymous_7)
FN:13,(anonymous_8)
FN:14,(anonymous_9)
FN:15,(anonymous_10)
FN:16,(anonymous_11)
FN:17,(anonymous_12)
FN:21,(anonymous_13)
FN:22,(anonymous_14)
FN:23,(anonymous_15)
FN:24,(anonymous_16)
FN:25,(anonymous_17)
FNF:18
FNH:0
FNDA:0,(anonymous_0)
FNDA:0,(anonymous_1)
FNDA:0,(anonymous_2)
FNDA:0,(anonymous_3)
FNDA:0,(anonymous_4)
FNDA:0,(anonymous_5)
FNDA:0,(anonymous_6)
FNDA:0,(anonymous_7)
FNDA:0,(anonymous_8)
FNDA:0,(anonymous_9)
FNDA:0,(anonymous_10)
FNDA:0,(anonymous_11)
FNDA:0,(anonymous_12)
FNDA:0,(anonymous_13)
FNDA:0,(anonymous_14)
FNDA:0,(anonymous_15)
FNDA:0,(anonymous_16)
FNDA:0,(anonymous_17)
DA:1,0
DA:2,0
DA:3,0
DA:4,0
DA:5,0
DA:6,0
DA:7,0
DA:8,0
DA:9,0
DA:12,0
DA:13,0
DA:14,0
DA:15,0
DA:16,0
DA:17,0
DA:20,0
DA:21,0
DA:22,0
DA:23,0
DA:24,0
DA:25,0
LF:21
LH:0
BRF:0
BRH:0
end_of_record
TN:
SF:lib/utils/masks.ts
FN:6,maskCPF
FN:15,maskTelefone
FN:25,maskMoeda
FN:41,unmask
FN:46,unmaskMoeda
FNF:5
FNH:5
FNDA:12,maskCPF
FNDA:9,maskTelefone
FNDA:11,maskMoeda
FNDA:6,unmask
FNDA:8,unmaskMoeda
DA:6,1
DA:7,12
DA:8,12
DA:15,1
DA:16,9
DA:17,9
DA:18,6
DA:19,4
DA:20,1
DA:21,3
DA:25,1
DA:27,11
DA:28,11
DA:31,9
DA:32,9
DA:35,9
DA:36,9
DA:37,9
DA:41,1
DA:42,6
DA:46,1
DA:47,8
DA:48,8
DA:49,6
LF:24
LH:24
BRDA:17,0,0,3
BRDA:17,0,1,6
BRDA:18,1,0,2
BRDA:18,1,1,4
BRDA:19,2,0,1
BRDA:19,2,1,3
BRDA:28,3,0,2
BRDA:28,3,1,9
BRDA:48,4,0,2
BRDA:48,4,1,6
BRF:10
BRH:10
end_of_record
TN:
SF:lib/utils/usePageTitle.ts
FN:6,usePageTitle
FN:7,(anonymous_1)
FN:10,(anonymous_2)
FNF:3
FNH:0
FNDA:0,usePageTitle
FNDA:0,(anonymous_1)
FNDA:0,(anonymous_2)
DA:3,0
DA:6,0
DA:7,0
DA:8,0
DA:9,0
DA:10,0
DA:11,0
LF:7
LH:0
BRDA:9,0,0,0
BRDA:9,0,1,0
BRF:2
BRH:0
end_of_record
TN:
SF:lib/utils/validators.ts
FN:6,validarCPF
FN:28,validarEmail
FN:33,validarTelefone
FN:39,validarObrigatorio
FN:44,validarValor
FNF:5
FNH:5
FNDA:21,validarCPF
FNDA:12,validarEmail
FNDA:8,validarTelefone
FNDA:5,validarObrigatorio
FNDA:10,validarValor
DA:6,1
DA:7,21
DA:8,21
DA:11,17
DA:14,7
DA:15,13
DA:16,13
DA:17,123
DA:19,13
DA:20,13
DA:21,13
DA:24,5
DA:28,1
DA:29,12
DA:33,1
DA:34,8
DA:35,8
DA:39,1
DA:40,5
DA:44,1
DA:45,10
LF:21
LH:21
BRDA:8,0,0,4
BRDA:8,0,1,17
BRDA:11,1,0,10
BRDA:11,1,1,7
BRDA:20,2,0,0
BRDA:20,2,1,13
BRDA:21,3,0,2
BRDA:21,3,1,11
BRDA:35,4,0,8
BRDA:35,4,1,6
BRDA:45,5,0,10
BRDA:45,5,1,9
BRDA:45,5,2,5
BRF:13
BRH:12
end_of_record
